15:34:19 Compiling 'iMaxLotLevels_Calc'
15:34:32 Custom indicator iMaxLotLevels EURUSD,H1: loaded successfully
15:34:33 Custom indicator iMaxLotLevels_Calc EURUSD,H1: loaded successfully
15:34:33 Custom indicator iMaxLotLevels_Calc EURUSD,H1: loaded successfully
15:34:33 iMaxLotLevels_Calc EURUSD,H1: initialized
15:34:33 iMaxLotLevels_Calc EURUSD,H1: initialized
15:34:34 iMaxLotLevels EURUSD,H1: initialized
15:34:34 zero divide in 'iMaxLotLevels.mq4' (60,47)
15:34:35 Script sHLineOnClosePrice EURUSD,H1: loaded successfully
15:34:35 sHLineOnClosePrice EURUSD,H1: initialized
15:34:35 sHLineOnClosePrice EURUSD,H1: uninit reason 0
15:34:35 Script sHLineOnClosePrice EURUSD,H1: removed
15:35:18 Script sHLineOnClosePrice EURUSD,H1: loaded successfully
15:35:20 sHLineOnClosePrice EURUSD,H1: initialized
15:35:20 sHLineOnClosePrice EURUSD,H1: uninit reason 0
15:35:20 Script sHLineOnClosePrice EURUSD,H1: removed
15:35:38 Script sHLineOnClosePrice EURUSD,H1: loaded successfully
15:35:39 sHLineOnClosePrice EURUSD,H1: initialized
15:35:39 sHLineOnClosePrice EURUSD,H1: uninit reason 0
15:35:39 Script sHLineOnClosePrice EURUSD,H1: removed
15:36:06 Script sHLineOnClosePrice EURUSD,H1: loaded successfully
15:36:06 sHLineOnClosePrice EURUSD,H1: initialized
15:36:06 sHLineOnClosePrice EURUSD,H1: uninit reason 0
15:36:06 Script sHLineOnClosePrice EURUSD,H1: removed
15:36:56 iMaxLotLevels EURUSD,H1: uninit reason 4
15:36:56 Custom indicator iMaxLotLevels EURUSD,H1: removed
15:36:57 iMaxLotLevels_Calc EURUSD,H1: uninit reason 4
15:36:57 Custom indicator iMaxLotLevels_Calc EURUSD,H1: removed
15:36:57 iMaxLotLevels_Calc EURUSD,H1: uninit reason 4
15:36:57 Custom indicator iMaxLotLevels_Calc EURUSD,H1: removed
